Error from server (NotFound): namespaces "istio-ingress" not found
Error from server (NotFound): namespaces "istio-ingress" not found
Forwarding from 0.0.0.0:8080 -> 8080
Forwarding from 0.0.0.0:8443 -> 8443
Handling connection for 8080
Handling connection for 8080
Handling connection for 8080
Handling connection for 8080
Handling connection for 8080
Handling connection for 8080
E1229 09:49:34.546162 1457383 portforward.go:406] an error occurred forwarding 8080 -> 8080: error forwarding port 8080 to pod 9eec6901c654899db40c3c46beb8be6016e64f065c59266df66312f574091929, uid : failed to execute portforward in network namespace "/var/run/netns/cni-63dfccff-24dc-4164-154a-38af8e2606b1": failed to dial 8080: dial tcp4 127.0.0.1:8080: connect: connection refused
E1229 09:49:34.547424 1457383 portforward.go:234] lost connection to pod
Forwarding from 0.0.0.0:8080 -> 8080
Forwarding from 0.0.0.0:8443 -> 8443
Handling connection for 8080
Handling connection for 8080
Handling connection for 8080
Handling connection for 8080
Handling connection for 8080
Handling connection for 8080
Forwarding from 0.0.0.0:20001 -> 20001
Forwarding from 0.0.0.0:8080 -> 8080
Forwarding from 0.0.0.0:9411 -> 9411
Forwarding from 0.0.0.0:8088 -> 9411
Forwarding from 0.0.0.0:9090 -> 9090
Forwarding from 0.0.0.0:3000 -> 3000
Forwarding from 0.0.0.0:8443 -> 8443
Handling connection for 8080
Handling connection for 8080
Handling connection for 20001
Handling connection for 20001
Handling connection for 20001
Handling connection for 20001
Handling connection for 20001
Handling connection for 20001
Handling connection for 3000
Handling connection for 3000
Handling connection for 3000
Handling connection for 3000
Handling connection for 3000
Handling connection for 3000
Handling connection for 3000
Handling connection for 3000
Handling connection for 3000
Handling connection for 3000
Handling connection for 3000
Handling connection for 3000
Handling connection for 3000
Handling connection for 3000
Handling connection for 8080
Forwarding from 0.0.0.0:8080 -> 8080
Forwarding from 0.0.0.0:8088 -> 9411
Forwarding from 0.0.0.0:9411 -> 9411
Forwarding from 0.0.0.0:9090 -> 9090
Forwarding from 0.0.0.0:3000 -> 3000
Forwarding from 0.0.0.0:20001 -> 20001
Forwarding from 0.0.0.0:8443 -> 8443
Handling connection for 9411
Handling connection for 9411
Handling connection for 9411
Handling connection for 9411
Handling connection for 9411
Handling connection for 9411
Handling connection for 9411
Handling connection for 9411
Handling connection for 8080
Handling connection for 8080
Handling connection for 8080
Handling connection for 8080
Handling connection for 8080
E1229 11:02:08.828233 1603722 portforward.go:378] error copying from remote stream to local connection: readfrom tcp4 62.171.172.25:8080->188.121.26.75:54410: write tcp4 62.171.172.25:8080->188.121.26.75:54410: write: broken pipe
Handling connection for 8080
Handling connection for 8080
E1229 11:02:40.990630 1603722 portforward.go:346] error creating error stream for port 8080 -> 8080: Timeout occurred
Handling connection for 8080
Handling connection for 8080
Handling connection for 8080
E1229 11:06:14.058399 1603722 portforward.go:346] error creating error stream for port 8080 -> 8080: Timeout occurred
Handling connection for 8080
Handling connection for 20001
Handling connection for 20001
Handling connection for 20001
Handling connection for 20001
Handling connection for 20001
Handling connection for 20001
Handling connection for 3000
Handling connection for 3000
Handling connection for 3000
Handling connection for 3000
Handling connection for 3000
Handling connection for 3000
Handling connection for 3000
Handling connection for 3000
Handling connection for 3000
Handling connection for 3000
Handling connection for 3000
Handling connection for 3000
Handling connection for 3000
Handling connection for 3000
Handling connection for 3000
Handling connection for 3000
Handling connection for 3000
Handling connection for 3000
Handling connection for 9411
Handling connection for 9411
Handling connection for 3000
Handling connection for 8080
Handling connection for 3000
Handling connection for 3000
E1229 11:15:49.795194 1603722 portforward.go:346] error creating error stream for port 8080 -> 8080: Timeout occurred
Handling connection for 3000
Handling connection for 3000
Handling connection for 9411
Handling connection for 3000
Handling connection for 3000
Handling connection for 9411
Handling connection for 3000
Handling connection for 3000
Handling connection for 3000
Handling connection for 3000
Handling connection for 3000
Handling connection for 3000
Handling connection for 3000
Handling connection for 3000
Handling connection for 3000
Handling connection for 3000
Handling connection for 3000
Handling connection for 3000
Handling connection for 3000
Handling connection for 3000
Handling connection for 3000
Handling connection for 3000
Handling connection for 3000
Handling connection for 3000
Handling connection for 3000
Handling connection for 3000
Handling connection for 3000
Handling connection for 3000
Handling connection for 3000
Handling connection for 3000
Handling connection for 3000
Handling connection for 3000
Handling connection for 3000
Handling connection for 3000
Handling connection for 3000
Handling connection for 8080
Handling connection for 3000
Handling connection for 3000
Handling connection for 3000
Handling connection for 3000
Handling connection for 3000
Handling connection for 3000
Handling connection for 3000
Handling connection for 9411
Handling connection for 9411
Handling connection for 3000
Handling connection for 9411
Handling connection for 3000
Handling connection for 3000
Handling connection for 3000
Handling connection for 3000
Handling connection for 3000
Handling connection for 9411
Handling connection for 3000
Handling connection for 9411
Handling connection for 3000
Handling connection for 3000
Handling connection for 9411
Handling connection for 3000
Handling connection for 9411
Handling connection for 3000
Handling connection for 3000
Handling connection for 9411
Handling connection for 9411
Handling connection for 3000
Handling connection for 3000
Handling connection for 3000
Handling connection for 9411
Handling connection for 9411
Handling connection for 3000
Handling connection for 3000
Handling connection for 3000
Handling connection for 3000
Handling connection for 3000
Handling connection for 3000
Handling connection for 3000
Handling connection for 3000
Handling connection for 3000
Handling connection for 3000
Handling connection for 3000
Handling connection for 3000
Handling connection for 3000
Handling connection for 9411
Handling connection for 3000
Handling connection for 9411
Handling connection for 3000
Handling connection for 3000
Handling connection for 3000
Handling connection for 9411
Handling connection for 9411
Handling connection for 3000
Handling connection for 20001
Handling connection for 20001
Handling connection for 20001
Handling connection for 20001
Handling connection for 20001
Handling connection for 20001
Handling connection for 3000
Handling connection for 3000
Handling connection for 3000
Handling connection for 3000
Handling connection for 3000
Handling connection for 3000
Handling connection for 3000
Handling connection for 20001
Handling connection for 3000
Handling connection for 9411
Handling connection for 9411
Handling connection for 9411
Handling connection for 9411
Handling connection for 9411
Handling connection for 20001
Handling connection for 20001
Handling connection for 20001
Handling connection for 20001
Handling connection for 20001
Handling connection for 20001
Handling connection for 20001
Handling connection for 20001
Handling connection for 20001
Handling connection for 20001
Handling connection for 20001
Handling connection for 20001
Handling connection for 20001
Handling connection for 20001
Handling connection for 20001
Handling connection for 20001
Handling connection for 20001
Handling connection for 20001
Handling connection for 20001
Handling connection for 20001
Handling connection for 20001
Handling connection for 20001
Handling connection for 20001
Handling connection for 20001
Handling connection for 20001
Handling connection for 20001
Handling connection for 20001
Handling connection for 20001
Handling connection for 20001
Handling connection for 20001
Handling connection for 20001
Handling connection for 20001
Handling connection for 8080
Handling connection for 8080
Handling connection for 20001
Handling connection for 20001
Handling connection for 20001
Handling connection for 20001
E1229 11:46:18.372648 1603722 portforward.go:346] error creating error stream for port 8080 -> 8080: Timeout occurred
Handling connection for 8080
Handling connection for 8080
Handling connection for 20001
Handling connection for 20001
Handling connection for 20001
Handling connection for 20001
Handling connection for 20001
Handling connection for 20001
Handling connection for 20001
Handling connection for 20001
Handling connection for 8080
Handling connection for 20001
Handling connection for 20001
Handling connection for 20001
Handling connection for 20001
E1229 11:58:20.632586 1603722 portforward.go:346] error creating error stream for port 8080 -> 8080: Timeout occurred
Handling connection for 20001
Handling connection for 20001
Handling connection for 20001
Handling connection for 20001
Handling connection for 20001
Handling connection for 20001
Handling connection for 20001
Handling connection for 20001
Handling connection for 8080
Handling connection for 20001
Handling connection for 20001
Handling connection for 20001
Handling connection for 20001
Handling connection for 20001
Handling connection for 20001
Handling connection for 20001
Handling connection for 20001
Handling connection for 20001
Handling connection for 20001
Handling connection for 20001
Handling connection for 20001
Handling connection for 20001
Handling connection for 20001
Handling connection for 20001
Handling connection for 20001
Handling connection for 20001
Handling connection for 20001
Handling connection for 20001
Handling connection for 20001
Handling connection for 20001
Handling connection for 20001
Handling connection for 20001
Handling connection for 20001
Handling connection for 20001
Handling connection for 20001
Handling connection for 20001
Handling connection for 20001
Handling connection for 20001
Handling connection for 20001
Handling connection for 20001
Handling connection for 20001
Handling connection for 20001
Handling connection for 20001
Handling connection for 20001
Handling connection for 20001
Handling connection for 20001
Handling connection for 20001
Handling connection for 20001
Handling connection for 20001
Handling connection for 20001
Handling connection for 20001
Handling connection for 20001
Handling connection for 20001
Handling connection for 20001
Handling connection for 20001
Handling connection for 20001
Handling connection for 20001
Handling connection for 20001
Handling connection for 20001
Handling connection for 20001
Handling connection for 20001
Handling connection for 20001
Handling connection for 20001
Handling connection for 20001
Handling connection for 8080
Handling connection for 8080
Handling connection for 20001
E1229 12:24:07.768063 1603722 portforward.go:346] error creating error stream for port 8080 -> 8080: Timeout occurred
Handling connection for 8080
Handling connection for 20001
Handling connection for 20001
Handling connection for 20001
Handling connection for 20001
Handling connection for 20001
Handling connection for 20001
Handling connection for 20001
Handling connection for 20001
Handling connection for 20001
Handling connection for 20001
Handling connection for 20001
Handling connection for 20001
Handling connection for 20001
Handling connection for 20001
Handling connection for 20001
Handling connection for 20001
Handling connection for 20001
Handling connection for 20001
Handling connection for 20001
Handling connection for 20001
Handling connection for 20001
Handling connection for 8080
Handling connection for 8080
E1229 12:31:26.768247 1603722 portforward.go:368] error creating forwarding stream for port 8080 -> 8080: Timeout occurred
Handling connection for 20001
Handling connection for 20001
Handling connection for 20001
Handling connection for 20001
Handling connection for 20001
Handling connection for 20001
Handling connection for 8088
Handling connection for 20001
Handling connection for 20001
Handling connection for 20001
Handling connection for 20001
Handling connection for 20001
Handling connection for 20001
Handling connection for 8080
Handling connection for 8080
Handling connection for 20001
Handling connection for 20001
Handling connection for 20001
Handling connection for 20001
Handling connection for 20001
Handling connection for 20001
Handling connection for 9090
Handling connection for 9090
E1229 12:34:10.909753 1603725 portforward.go:391] error copying from local connection to remote stream: read tcp4 62.171.172.25:9090->162.142.125.44:34172: read: connection reset by peer
Handling connection for 9090
E1229 12:34:11.086454 1603722 portforward.go:368] error creating forwarding stream for port 8080 -> 8080: Timeout occurred
E1229 12:34:11.347519 1603725 portforward.go:391] error copying from local connection to remote stream: read tcp4 62.171.172.25:9090->162.142.125.44:42658: read: connection reset by peer
Handling connection for 9090
Handling connection for 20001
Handling connection for 20001
Handling connection for 20001
Handling connection for 20001
Handling connection for 20001
Handling connection for 20001
Handling connection for 20001
Handling connection for 20001
Handling connection for 20001
Handling connection for 20001
Handling connection for 20001
Handling connection for 20001
Handling connection for 20001
Handling connection for 20001
Handling connection for 20001
Handling connection for 20001
Handling connection for 20001
Handling connection for 20001
Handling connection for 8080
E1229 12:37:49.453296 1603722 portforward.go:406] an error occurred forwarding 8080 -> 8080: error forwarding port 8080 to pod 555265a83a56872bcb240dcba93ccb3bc04384ef02e8ef2c746ef09612f18d1c, uid : failed to execute portforward in network namespace "/var/run/netns/cni-30490875-6736-0481-247c-fabb07424f4a": failed to dial 8080: dial tcp4 127.0.0.1:8080: connect: connection refused
E1229 12:37:49.457455 1603722 portforward.go:234] lost connection to pod
Handling connection for 20001
Handling connection for 20001
Handling connection for 20001
Handling connection for 20001
Handling connection for 20001
Handling connection for 20001
Handling connection for 20001
Handling connection for 20001
Handling connection for 20001
Handling connection for 20001
Handling connection for 20001
Handling connection for 20001
Handling connection for 20001
Handling connection for 20001
Handling connection for 20001
Handling connection for 20001
Handling connection for 20001
Handling connection for 20001
Handling connection for 20001
Handling connection for 20001
Handling connection for 20001
Handling connection for 20001
Handling connection for 20001
Handling connection for 20001
Handling connection for 20001
Handling connection for 20001
Handling connection for 20001
Handling connection for 20001
Handling connection for 20001
Handling connection for 20001
Handling connection for 20001
Handling connection for 20001
Handling connection for 20001
Handling connection for 20001
Handling connection for 20001
Handling connection for 20001
Handling connection for 20001
Handling connection for 20001
Handling connection for 20001
Handling connection for 20001
Handling connection for 20001
Handling connection for 20001
Handling connection for 20001
Handling connection for 20001
Handling connection for 20001
Handling connection for 20001
Handling connection for 20001
Handling connection for 20001
Handling connection for 20001
Handling connection for 20001
Handling connection for 20001
