Forwarding from 0.0.0.0:20003 -> 20001
Forwarding from 0.0.0.0:7779 -> 15014
Forwarding from 0.0.0.0:8888 -> 8080
Forwarding from 0.0.0.0:9093 -> 9090
Forwarding from 0.0.0.0:8083 -> 8080
Forwarding from 0.0.0.0:9800 -> 8080
Handling connection for 9800
Handling connection for 9800
Handling connection for 9800
Handling connection for 9800
Handling connection for 9800
Handling connection for 9800
Handling connection for 9800
Handling connection for 9800
Handling connection for 9800
Handling connection for 9800
Handling connection for 9800
Handling connection for 9800
Handling connection for 9800
Handling connection for 9800
Handling connection for 9800
Handling connection for 9800
Handling connection for 9800
Handling connection for 9800
Handling connection for 9800
Handling connection for 9800
Handling connection for 9800
Handling connection for 9800
Handling connection for 9800
Handling connection for 9800
Handling connection for 9800
Handling connection for 9800
Handling connection for 9800
Handling connection for 9800
Handling connection for 9800
Handling connection for 9800
Handling connection for 9800
Handling connection for 9800
Handling connection for 9800
Handling connection for 9800
Handling connection for 9800
Handling connection for 9800
Handling connection for 9800
Handling connection for 9800
Handling connection for 9800
Handling connection for 8888
Handling connection for 8888
Handling connection for 20003
Handling connection for 20003
Handling connection for 20003
Handling connection for 20003
Handling connection for 20003
Handling connection for 20003
Handling connection for 20003
Handling connection for 20003
Handling connection for 20003
Handling connection for 20003
Handling connection for 20003
Handling connection for 20003
Handling connection for 20003
Handling connection for 20003
Handling connection for 20003
Handling connection for 20003
Handling connection for 20003
Handling connection for 20003
Handling connection for 20003
Handling connection for 20003
Handling connection for 20003
Handling connection for 20003
Handling connection for 20003
Handling connection for 20003
Handling connection for 9800
Handling connection for 9800
Handling connection for 9800
Handling connection for 9800
Handling connection for 20003
Handling connection for 20003
Handling connection for 20003
Handling connection for 20003
Handling connection for 20003
Handling connection for 20003
Handling connection for 20003
Handling connection for 20003
Handling connection for 20003
Handling connection for 20003
Handling connection for 20003
Handling connection for 20003
Handling connection for 20003
Handling connection for 20003
Handling connection for 20003
Handling connection for 20003
Handling connection for 20003
Handling connection for 20003
Handling connection for 20003
Handling connection for 20003
Handling connection for 20003
Handling connection for 20003
Handling connection for 20003
Handling connection for 20003
Handling connection for 20003
Handling connection for 20003
Handling connection for 20003
Handling connection for 20003
Handling connection for 20003
Handling connection for 20003
Handling connection for 20003
Handling connection for 20003
Handling connection for 20003
Handling connection for 20003
Handling connection for 20003
Handling connection for 20003
Handling connection for 20003
Handling connection for 20003
Handling connection for 20003
Handling connection for 20003
Handling connection for 20003
Handling connection for 20003
Handling connection for 20003
Handling connection for 20003
Handling connection for 20003
Handling connection for 20003
Handling connection for 20003
Handling connection for 20003
Handling connection for 20003
Handling connection for 20003
Handling connection for 20003
Handling connection for 20003
Handling connection for 20003
Handling connection for 20003
Handling connection for 20003
Handling connection for 20003
Handling connection for 20003
Handling connection for 20003
Handling connection for 20003
Handling connection for 20003
Handling connection for 20003
Handling connection for 20003
Handling connection for 20003
Handling connection for 20003
Handling connection for 20003
Handling connection for 20003
Handling connection for 20003
Handling connection for 20003
Handling connection for 20003
Handling connection for 20003
Handling connection for 20003
Handling connection for 20003
Handling connection for 20003
Handling connection for 20003
Handling connection for 20003
Handling connection for 20003
Handling connection for 20003
Handling connection for 20003
Handling connection for 20003
Handling connection for 9800
Handling connection for 9800
E1221 09:55:33.224310 2426022 portforward.go:400] an error occurred forwarding 9800 -> 8080: error forwarding port 8080 to pod 43f36b98dd4153e0733c4ff701324fd39d96c6bf011c1ef594a97c1cbf7c2f65, uid : network namespace for sandbox "43f36b98dd4153e0733c4ff701324fd39d96c6bf011c1ef594a97c1cbf7c2f65" is closed
E1221 09:55:33.226507 2426022 portforward.go:400] an error occurred forwarding 9800 -> 8080: error forwarding port 8080 to pod 43f36b98dd4153e0733c4ff701324fd39d96c6bf011c1ef594a97c1cbf7c2f65, uid : network namespace for sandbox "43f36b98dd4153e0733c4ff701324fd39d96c6bf011c1ef594a97c1cbf7c2f65" is closed
Handling connection for 9800
E1221 09:55:33.241144 2426022 portforward.go:400] an error occurred forwarding 9800 -> 8080: error forwarding port 8080 to pod 43f36b98dd4153e0733c4ff701324fd39d96c6bf011c1ef594a97c1cbf7c2f65, uid : network namespace for sandbox "43f36b98dd4153e0733c4ff701324fd39d96c6bf011c1ef594a97c1cbf7c2f65" is closed
Handling connection for 9800
Handling connection for 9800
E1221 09:55:34.757222 2426022 portforward.go:400] an error occurred forwarding 9800 -> 8080: error forwarding port 8080 to pod 43f36b98dd4153e0733c4ff701324fd39d96c6bf011c1ef594a97c1cbf7c2f65, uid : network namespace for sandbox "43f36b98dd4153e0733c4ff701324fd39d96c6bf011c1ef594a97c1cbf7c2f65" is closed
Handling connection for 9800
Handling connection for 9800
E1221 09:55:35.162624 2426022 portforward.go:400] an error occurred forwarding 9800 -> 8080: error forwarding port 8080 to pod 43f36b98dd4153e0733c4ff701324fd39d96c6bf011c1ef594a97c1cbf7c2f65, uid : network namespace for sandbox "43f36b98dd4153e0733c4ff701324fd39d96c6bf011c1ef594a97c1cbf7c2f65" is closed
Handling connection for 9800
Handling connection for 9800
Handling connection for 9800
Handling connection for 9800
Handling connection for 9800
E1221 09:56:04.749232 2426022 portforward.go:362] error creating forwarding stream for port 9800 -> 8080: Timeout occurred
E1221 09:56:05.151096 2426022 portforward.go:340] error creating error stream for port 9800 -> 8080: Timeout occurred
E1221 09:56:05.818880 2426022 portforward.go:340] error creating error stream for port 9800 -> 8080: Timeout occurred
E1221 09:56:05.818926 2426022 portforward.go:340] error creating error stream for port 9800 -> 8080: Timeout occurred
E1221 09:56:06.743926 2426022 portforward.go:340] error creating error stream for port 9800 -> 8080: Timeout occurred
Handling connection for 9800
Handling connection for 9800
E1221 09:56:14.001488 2426022 portforward.go:400] an error occurred forwarding 9800 -> 8080: error forwarding port 8080 to pod 43f36b98dd4153e0733c4ff701324fd39d96c6bf011c1ef594a97c1cbf7c2f65, uid : failed to find sandbox "43f36b98dd4153e0733c4ff701324fd39d96c6bf011c1ef594a97c1cbf7c2f65" in store: not found
E1221 09:56:15.300868 2426022 portforward.go:362] error creating forwarding stream for port 9800 -> 8080: Timeout occurred
E1221 09:56:15.302039 2426022 portforward.go:362] error creating forwarding stream for port 9800 -> 8080: Timeout occurred
Handling connection for 20003
Handling connection for 20003
Handling connection for 20003
Handling connection for 20003
Forwarding from 0.0.0.0:7779 -> 15014
Forwarding from 0.0.0.0:9800 -> 8080
Forwarding from 0.0.0.0:20003 -> 20001
Forwarding from 0.0.0.0:8083 -> 8080
Forwarding from 0.0.0.0:9093 -> 9090
Forwarding from 0.0.0.0:8888 -> 8080
Handling connection for 9800
Handling connection for 9800
Handling connection for 9800
Handling connection for 9800
Handling connection for 20003
Handling connection for 20003
Handling connection for 20003
Handling connection for 20003
Handling connection for 9800
Handling connection for 9800
E1221 09:57:35.526059 2511819 portforward.go:400] an error occurred forwarding 9800 -> 8080: error forwarding port 8080 to pod d1ace55546a40c9f3ee41d45fa08d6577dbbf5c5f05d44b9f2cce1b16b57bee0, uid : network namespace for sandbox "d1ace55546a40c9f3ee41d45fa08d6577dbbf5c5f05d44b9f2cce1b16b57bee0" is closed
E1221 09:57:35.529391 2511819 portforward.go:400] an error occurred forwarding 9800 -> 8080: error forwarding port 8080 to pod d1ace55546a40c9f3ee41d45fa08d6577dbbf5c5f05d44b9f2cce1b16b57bee0, uid : network namespace for sandbox "d1ace55546a40c9f3ee41d45fa08d6577dbbf5c5f05d44b9f2cce1b16b57bee0" is closed
Handling connection for 9800
Handling connection for 9800
E1221 09:57:36.886453 2511819 portforward.go:400] an error occurred forwarding 9800 -> 8080: error forwarding port 8080 to pod d1ace55546a40c9f3ee41d45fa08d6577dbbf5c5f05d44b9f2cce1b16b57bee0, uid : network namespace for sandbox "d1ace55546a40c9f3ee41d45fa08d6577dbbf5c5f05d44b9f2cce1b16b57bee0" is closed
Handling connection for 9800
Handling connection for 9800
E1221 09:57:38.216825 2511819 portforward.go:400] an error occurred forwarding 9800 -> 8080: error forwarding port 8080 to pod d1ace55546a40c9f3ee41d45fa08d6577dbbf5c5f05d44b9f2cce1b16b57bee0, uid : network namespace for sandbox "d1ace55546a40c9f3ee41d45fa08d6577dbbf5c5f05d44b9f2cce1b16b57bee0" is closed
E1221 09:57:38.219554 2511819 portforward.go:400] an error occurred forwarding 9800 -> 8080: error forwarding port 8080 to pod d1ace55546a40c9f3ee41d45fa08d6577dbbf5c5f05d44b9f2cce1b16b57bee0, uid : network namespace for sandbox "d1ace55546a40c9f3ee41d45fa08d6577dbbf5c5f05d44b9f2cce1b16b57bee0" is closed
Handling connection for 9800
Forwarding from 0.0.0.0:8888 -> 8080
Forwarding from 0.0.0.0:8083 -> 8080
Forwarding from 0.0.0.0:9093 -> 9090
Forwarding from 0.0.0.0:7779 -> 15014
Forwarding from 0.0.0.0:20003 -> 20001
Forwarding from 0.0.0.0:9800 -> 8080
Handling connection for 9800
Handling connection for 9800
Handling connection for 9800
Handling connection for 9800
Handling connection for 9800
Handling connection for 9800
Handling connection for 9800
E1221 09:58:18.435809 2518627 portforward.go:400] an error occurred forwarding 9800 -> 8080: error forwarding port 8080 to pod b37024ea7db2cae6d915a9dbaf1c694956de3146b0bc0e4d613175259e0280fe, uid : failed to execute portforward in network namespace "/var/run/netns/cni-93a6eb34-2c9d-0171-ebbf-230e65a7ea55": failed to dial 8080: dial tcp4 127.0.0.1:8080: connect: connection refused
E1221 09:58:18.439843 2518627 portforward.go:400] an error occurred forwarding 9800 -> 8080: error forwarding port 8080 to pod b37024ea7db2cae6d915a9dbaf1c694956de3146b0bc0e4d613175259e0280fe, uid : failed to execute portforward in network namespace "/var/run/netns/cni-93a6eb34-2c9d-0171-ebbf-230e65a7ea55": failed to dial 8080: dial tcp4 127.0.0.1:8080: connect: connection refused
Handling connection for 20003
Handling connection for 20003
Handling connection for 20003
Handling connection for 20003
Handling connection for 9800
Handling connection for 9800
E1221 09:58:20.056452 2518627 portforward.go:400] an error occurred forwarding 9800 -> 8080: error forwarding port 8080 to pod b37024ea7db2cae6d915a9dbaf1c694956de3146b0bc0e4d613175259e0280fe, uid : failed to execute portforward in network namespace "/var/run/netns/cni-93a6eb34-2c9d-0171-ebbf-230e65a7ea55": failed to dial 8080: dial tcp4 127.0.0.1:8080: connect: connection refused
E1221 09:58:49.994330 2518627 portforward.go:362] error creating forwarding stream for port 9800 -> 8080: Timeout occurred
Handling connection for 9800
E1221 09:58:50.005204 2518627 portforward.go:400] an error occurred forwarding 9800 -> 8080: error forwarding port 8080 to pod b37024ea7db2cae6d915a9dbaf1c694956de3146b0bc0e4d613175259e0280fe, uid : network namespace for sandbox "b37024ea7db2cae6d915a9dbaf1c694956de3146b0bc0e4d613175259e0280fe" is closed
Handling connection for 9800
Handling connection for 9800
E1221 09:58:55.038952 2518627 portforward.go:400] an error occurred forwarding 9800 -> 8080: error forwarding port 8080 to pod b37024ea7db2cae6d915a9dbaf1c694956de3146b0bc0e4d613175259e0280fe, uid : network namespace for sandbox "b37024ea7db2cae6d915a9dbaf1c694956de3146b0bc0e4d613175259e0280fe" is closed
Handling connection for 20003
Handling connection for 20003
Handling connection for 20003
Handling connection for 20003
E1221 09:59:25.033885 2518627 portforward.go:362] error creating forwarding stream for port 9800 -> 8080: Timeout occurred
Handling connection for 9800
E1221 09:59:55.042874 2518627 portforward.go:340] error creating error stream for port 9800 -> 8080: Timeout occurred
Handling connection for 20003
Handling connection for 20003
Handling connection for 20003
Handling connection for 20003
Handling connection for 9800
Handling connection for 9800
Handling connection for 9800
Handling connection for 9800
E1221 10:04:19.850995 2518627 portforward.go:400] an error occurred forwarding 9800 -> 8080: error forwarding port 8080 to pod b37024ea7db2cae6d915a9dbaf1c694956de3146b0bc0e4d613175259e0280fe, uid : failed to find sandbox "b37024ea7db2cae6d915a9dbaf1c694956de3146b0bc0e4d613175259e0280fe" in store: not found
Forwarding from 0.0.0.0:8083 -> 8080
Forwarding from 0.0.0.0:8888 -> 8080
Forwarding from 0.0.0.0:20003 -> 20001
Forwarding from 0.0.0.0:7779 -> 15014
Forwarding from 0.0.0.0:9093 -> 9090
Forwarding from 0.0.0.0:9800 -> 8080
Handling connection for 9800
Handling connection for 9800
Handling connection for 20003
Handling connection for 20003
Handling connection for 20003
Handling connection for 20003
Handling connection for 20003
Handling connection for 20003
Handling connection for 20003
Handling connection for 20003
Handling connection for 20003
Handling connection for 20003
Handling connection for 20003
Handling connection for 20003
Handling connection for 20003
Handling connection for 20003
Handling connection for 20003
Handling connection for 20003
Handling connection for 20003
Handling connection for 20003
Handling connection for 20003
Handling connection for 20003
Handling connection for 20003
Handling connection for 20003
Handling connection for 20003
Handling connection for 9800
Handling connection for 9800
Handling connection for 9800
Handling connection for 9800
Handling connection for 20003
Handling connection for 20003
Handling connection for 20003
Handling connection for 20003
Handling connection for 20003
Handling connection for 20003
Handling connection for 20003
Handling connection for 20003
Handling connection for 20003
Handling connection for 20003
Handling connection for 20003
Handling connection for 20003
Handling connection for 20003
Handling connection for 20003
Handling connection for 20003
Handling connection for 20003
Handling connection for 20003
Handling connection for 20003
Handling connection for 20003
Handling connection for 20003
Handling connection for 20003
Handling connection for 20003
Handling connection for 20003
Handling connection for 20003
Handling connection for 20003
Handling connection for 20003
Handling connection for 20003
Handling connection for 20003
Handling connection for 20003
Handling connection for 20003
Handling connection for 20003
Handling connection for 20003
Handling connection for 20003
Handling connection for 20003
Handling connection for 20003
Handling connection for 20003
Handling connection for 20003
Handling connection for 20003
Handling connection for 20003
Handling connection for 20003
Handling connection for 20003
Handling connection for 20003
Handling connection for 20003
Handling connection for 20003
Handling connection for 20003
Handling connection for 20003
